
> scenario-wedding-test@0.0.1 preview
> vite preview --port 22211

  [32m➜[39m  [1mLocal[22m:   [36mhttp://localhost:[1m22211[22m/[39m
[2m  [32m➜[39m  [1mNetwork[22m[2m: use [22m[1m--host[22m[2m to expose[22m
[2m[32m  ➜[39m[22m[2m  press [22m[1mh + enter[22m[2m to show help[22m
Terminate batch job (Y/N)? 
> scenario-wedding-test@0.0.1 preview
> vite preview --port 22211

  [32m➜[39m  [1mLocal[22m:   [36mhttp://localhost:[1m22211[22m/[39m
[2m  [32m➜[39m  [1mNetwork[22m[2m: use [22m[1m--host[22m[2m to expose[22m
[2m[32m  ➜[39m[22m[2m  press [22m[1mh + enter[22m[2m to show help[22m
Terminate batch job (Y/N)? 
> scenario-wedding-test@0.0.1 preview
> vite preview --port 22211

  [32m➜[39m  [1mLocal[22m:   [36mhttp://localhost:[1m22211[22m/[39m
[2m  [32m➜[39m  [1mNetwork[22m[2m: use [22m[1m--host[22m[2m to expose[22m
[2m[32m  ➜[39m[22m[2m  press [22m[1mh + enter[22m[2m to show help[22m
Terminate batch job (Y/N)? 
> scenario-wedding-test@0.0.1 preview
> vite preview --port 22211

  [32m➜[39m  [1mLocal[22m:   [36mhttp://localhost:[1m22211[22m/[39m
[2m  [32m➜[39m  [1mNetwork[22m[2m: use [22m[1m--host[22m[2m to expose[22m
[2m[32m  ➜[39m[22m[2m  press [22m[1mh + enter[22m[2m to show help[22m
